e:\onedrive - afeka college of engineering\gymproject\debug\vc141.pdb
e:\onedrive - afeka college of engineering\gymproject\debug\vc141.idb
e:\onedrive - afeka college of engineering\gymproject\debug\trainee.obj
e:\onedrive - afeka college of engineering\gymproject\debug\person.obj
e:\onedrive - afeka college of engineering\gymproject\debug\node.obj
e:\onedrive - afeka college of engineering\gymproject\debug\ministryofhealthlicense.obj
e:\onedrive - afeka college of engineering\gymproject\debug\main.obj
e:\onedrive - afeka college of engineering\gymproject\debug\gymlicense.obj
e:\onedrive - afeka college of engineering\gymproject\debug\gym.obj
e:\onedrive - afeka college of engineering\gymproject\debug\firedepartmentlicense.obj
e:\onedrive - afeka college of engineering\gymproject\debug\exercisemachine.obj
e:\onedrive - afeka college of engineering\gymproject\debug\employee.obj
e:\onedrive - afeka college of engineering\gymproject\debug\date.obj
e:\onedrive - afeka college of engineering\gymproject\debug\instructor.obj
e:\onedrive - afeka college of engineering\gymproject\debug\gymproject.ilk
e:\onedrive - afeka college of engineering\gymproject\debug\gymproject.exe
e:\onedrive - afeka college of engineering\gymproject\debug\gymproject.pdb
e:\onedrive - afeka college of engineering\gymproject\debug\gymproject.tlog\cl.command.1.tlog
e:\onedrive - afeka college of engineering\gymproject\debug\gymproject.tlog\cl.read.1.tlog
e:\onedrive - afeka college of engineering\gymproject\debug\gymproject.tlog\cl.write.1.tlog
e:\onedrive - afeka college of engineering\gymproject\debug\gymproject.tlog\link.command.1.tlog
e:\onedrive - afeka college of engineering\gymproject\debug\gymproject.tlog\link.read.1.tlog
e:\onedrive - afeka college of engineering\gymproject\debug\gymproject.tlog\link.write.1.tlog
